# JRE version: OpenJDK Runtime Environment Temurin-20.0.2+9 (20.0.2+9) (build 20.0.2+9)
# Java VM: OpenJDK 64-Bit Server VM Temurin-20.0.2+9 (20.0.2+9, mixed mode, tiered, g1 gc, linux-amd64)
GC Precious Log:
 CardTable entry size: 512
 Card Set container configuration: InlinePtr #cards 5 size 8 Array Of Cards #cards 12 size 40 Howl #buckets 4 coarsen threshold 1843 Howl Bitmap #cards 512 size 80 coarsen threshold 460 Card regions per heap region 1 cards per card region 2048
 CPUs: 4 total, 4 available
 Memory: 15838M
 Large Page Support: Disabled
 NUMA Support: Disabled
 Compressed Oops: Disabled
 Heap Region Size: 1M
 Heap Min Capacity: 400M
 Heap Initial Capacity: 400M
 Heap Max Capacity: 2G
 Pre-touch: Disabled
 Parallel Workers: 4
 Concurrent Workers: 1
 Concurrent Refinement Workers: 4
 Periodic GC: Disabled
Heap:
 garbage-first heap   total 409600K, used 24034K [0x00007879d4c00000, 0x0000787a54c00000)
  region size 1024K, 18 young (18432K), 7 survivors (7168K)
 Metaspace       used 36419K, committed 36608K, reserved 65536K
GC Heap History (8 events):
Event: 2.797 GC heap before
{Heap before GC invocations=0 (full 0):
 garbage-first heap   total 409600K, used 20480K [0x00007879d4c00000, 0x0000787a54c00000)
  region size 1024K, 20 young (20480K), 0 survivors (0K)
 Metaspace       used 18684K, committed 18752K, reserved 65536K
}
Event: 2.809 GC heap after
{Heap after GC invocations=1 (full 0):
 garbage-first heap   total 409600K, used 4352K [0x00007879d4c00000, 0x0000787a54c00000)
  region size 1024K, 3 young (3072K), 3 survivors (3072K)
 Metaspace       used 18684K, committed 18752K, reserved 65536K
}
Event: 3.394 GC heap before
{Heap before GC invocations=1 (full 0):
 garbage-first heap   total 409600K, used 8448K [0x00007879d4c00000, 0x0000787a54c00000)
  region size 1024K, 8 young (8192K), 3 survivors (3072K)
 Metaspace       used 21378K, committed 21504K, reserved 65536K
}
Event: 3.402 GC heap after
{Heap after GC invocations=2 (full 0):
 garbage-first heap   total 409600K, used 6020K [0x00007879d4c00000, 0x0000787a54c00000)
  region size 1024K, 2 young (2048K), 2 survivors (2048K)
 Metaspace       used 21378K, committed 21504K, reserved 65536K
}
Event: 15.318 GC heap before
{Heap before GC invocations=3 (full 0):
 garbage-first heap   total 409600K, used 40836K [0x00007879d4c00000, 0x0000787a54c00000)
  region size 1024K, 36 young (36864K), 2 survivors (2048K)
 Metaspace       used 32740K, committed 32896K, reserved 65536K
}
Event: 15.326 GC heap after
{Heap after GC invocations=4 (full 0):
 garbage-first heap   total 409600K, used 10469K [0x00007879d4c00000, 0x0000787a54c00000)
  region size 1024K, 5 young (5120K), 5 survivors (5120K)
 Metaspace       used 32740K, committed 32896K, reserved 65536K
}
Event: 19.969 GC heap before
{Heap before GC invocations=4 (full 0):
 garbage-first heap   total 409600K, used 44261K [0x00007879d4c00000, 0x0000787a54c00000)
  region size 1024K, 39 young (39936K), 5 survivors (5120K)
 Metaspace       used 36024K, committed 36160K, reserved 65536K
}
Event: 19.986 GC heap after
{Heap after GC invocations=5 (full 0):
 garbage-first heap   total 409600K, used 13794K [0x00007879d4c00000, 0x0000787a54c00000)
  region size 1024K, 7 young (7168K), 7 survivors (7168K)
 Metaspace       used 36024K, committed 36160K, reserved 65536K
}

