# JRE version: OpenJDK Runtime Environment Temurin-20.0.2+9 (20.0.2+9) (build 20.0.2+9)
# Java VM: OpenJDK 64-Bit Server VM Temurin-20.0.2+9 (20.0.2+9, mixed mode, tiered, g1 gc, linux-amd64)
GC Precious Log:
 CardTable entry size: 512
 Card Set container configuration: InlinePtr #cards 5 size 8 Array Of Cards #cards 12 size 40 Howl #buckets 4 coarsen threshold 1843 Howl Bitmap #cards 512 size 80 coarsen threshold 460 Card regions per heap region 1 cards per card region 2048
 CPUs: 4 total, 4 available
 Memory: 15838M
 Large Page Support: Disabled
 NUMA Support: Disabled
 Compressed Oops: Disabled
 Heap Region Size: 1M
 Heap Min Capacity: 400M
 Heap Initial Capacity: 400M
 Heap Max Capacity: 2G
 Pre-touch: Disabled
 Parallel Workers: 4
 Concurrent Workers: 1
 Concurrent Refinement Workers: 4
 Periodic GC: Disabled
Heap:
 garbage-first heap   total 409600K, used 113424K [0x000076f1d8c00000, 0x000076f258c00000)
  region size 1024K, 99 young (101376K), 1 survivors (1024K)
 Metaspace       used 38754K, committed 38912K, reserved 65536K
GC Heap History (8 events):
Event: 0.869 GC heap before
{Heap before GC invocations=0 (full 0):
 garbage-first heap   total 409600K, used 20480K [0x000076f1d8c00000, 0x000076f258c00000)
  region size 1024K, 20 young (20480K), 0 survivors (0K)
 Metaspace       used 18778K, committed 18880K, reserved 65536K
}
Event: 0.874 GC heap after
{Heap after GC invocations=1 (full 0):
 garbage-first heap   total 409600K, used 4384K [0x000076f1d8c00000, 0x000076f258c00000)
  region size 1024K, 3 young (3072K), 3 survivors (3072K)
 Metaspace       used 18778K, committed 18880K, reserved 65536K
}
Event: 1.067 GC heap before
{Heap before GC invocations=1 (full 0):
 garbage-first heap   total 409600K, used 8480K [0x000076f1d8c00000, 0x000076f258c00000)
  region size 1024K, 8 young (8192K), 3 survivors (3072K)
 Metaspace       used 21389K, committed 21504K, reserved 65536K
}
Event: 1.071 GC heap after
{Heap after GC invocations=2 (full 0):
 garbage-first heap   total 409600K, used 6157K [0x000076f1d8c00000, 0x000076f258c00000)
  region size 1024K, 2 young (2048K), 2 survivors (2048K)
 Metaspace       used 21389K, committed 21504K, reserved 65536K
}
Event: 41.092 GC heap before
{Heap before GC invocations=3 (full 0):
 garbage-first heap   total 409600K, used 39949K [0x000076f1d8c00000, 0x000076f258c00000)
  region size 1024K, 35 young (35840K), 2 survivors (2048K)
 Metaspace       used 35157K, committed 35264K, reserved 65536K
}
Event: 41.100 GC heap after
{Heap after GC invocations=4 (full 0):
 garbage-first heap   total 409600K, used 12642K [0x000076f1d8c00000, 0x000076f258c00000)
  region size 1024K, 5 young (5120K), 5 survivors (5120K)
 Metaspace       used 35157K, committed 35264K, reserved 65536K
}
Event: 48.297 GC heap before
{Heap before GC invocations=4 (full 0):
 garbage-first heap   total 409600K, used 15714K [0x000076f1d8c00000, 0x000076f258c00000)
  region size 1024K, 9 young (9216K), 5 survivors (5120K)
 Metaspace       used 35825K, committed 35968K, reserved 65536K
}
Event: 48.307 GC heap after
{Heap after GC invocations=5 (full 0):
 garbage-first heap   total 409600K, used 14096K [0x000076f1d8c00000, 0x000076f258c00000)
  region size 1024K, 1 young (1024K), 1 survivors (1024K)
 Metaspace       used 35825K, committed 35968K, reserved 65536K
}

