# JRE version: OpenJDK Runtime Environment Temurin-20.0.2+9 (20.0.2+9) (build 20.0.2+9)
# Java VM: OpenJDK 64-Bit Server VM Temurin-20.0.2+9 (20.0.2+9, mixed mode, tiered, g1 gc, linux-amd64)
GC Precious Log:
 CardTable entry size: 512
 Card Set container configuration: InlinePtr #cards 5 size 8 Array Of Cards #cards 12 size 40 Howl #buckets 4 coarsen threshold 1843 Howl Bitmap #cards 512 size 80 coarsen threshold 460 Card regions per heap region 1 cards per card region 2048
 CPUs: 4 total, 4 available
 Memory: 15838M
 Large Page Support: Disabled
 NUMA Support: Disabled
 Compressed Oops: Disabled
 Heap Region Size: 1M
 Heap Min Capacity: 400M
 Heap Initial Capacity: 400M
 Heap Max Capacity: 2G
 Pre-touch: Disabled
 Parallel Workers: 4
 Concurrent Workers: 1
 Concurrent Refinement Workers: 4
 Periodic GC: Disabled
Heap:
 garbage-first heap   total 409600K, used 26326K [0x0000709c34c00000, 0x0000709cb4c00000)
  region size 1024K, 20 young (20480K), 7 survivors (7168K)
 Metaspace       used 36754K, committed 36928K, reserved 65536K
GC Heap History (8 events):
Event: 3.477 GC heap before
{Heap before GC invocations=0 (full 0):
 garbage-first heap   total 409600K, used 20480K [0x0000709c34c00000, 0x0000709cb4c00000)
  region size 1024K, 20 young (20480K), 0 survivors (0K)
 Metaspace       used 18736K, committed 18880K, reserved 65536K
}
Event: 3.503 GC heap after
{Heap after GC invocations=1 (full 0):
 garbage-first heap   total 409600K, used 4480K [0x0000709c34c00000, 0x0000709cb4c00000)
  region size 1024K, 3 young (3072K), 3 survivors (3072K)
 Metaspace       used 18736K, committed 18880K, reserved 65536K
}
Event: 4.448 GC heap before
{Heap before GC invocations=1 (full 0):
 garbage-first heap   total 409600K, used 8576K [0x0000709c34c00000, 0x0000709cb4c00000)
  region size 1024K, 8 young (8192K), 3 survivors (3072K)
 Metaspace       used 21386K, committed 21504K, reserved 65536K
}
Event: 4.465 GC heap after
{Heap after GC invocations=2 (full 0):
 garbage-first heap   total 409600K, used 6156K [0x0000709c34c00000, 0x0000709cb4c00000)
  region size 1024K, 2 young (2048K), 2 survivors (2048K)
 Metaspace       used 21386K, committed 21504K, reserved 65536K
}
Event: 17.751 GC heap before
{Heap before GC invocations=3 (full 0):
 garbage-first heap   total 409600K, used 36876K [0x0000709c34c00000, 0x0000709cb4c00000)
  region size 1024K, 33 young (33792K), 2 survivors (2048K)
 Metaspace       used 32707K, committed 32896K, reserved 65536K
}
Event: 17.765 GC heap after
{Heap after GC invocations=4 (full 0):
 garbage-first heap   total 409600K, used 10574K [0x0000709c34c00000, 0x0000709cb4c00000)
  region size 1024K, 4 young (4096K), 4 survivors (4096K)
 Metaspace       used 32707K, committed 32896K, reserved 65536K
}
Event: 21.429 GC heap before
{Heap before GC invocations=4 (full 0):
 garbage-first heap   total 409600K, used 45390K [0x0000709c34c00000, 0x0000709cb4c00000)
  region size 1024K, 40 young (40960K), 4 survivors (4096K)
 Metaspace       used 35952K, committed 36096K, reserved 65536K
}
Event: 21.445 GC heap after
{Heap after GC invocations=5 (full 0):
 garbage-first heap   total 409600K, used 14038K [0x0000709c34c00000, 0x0000709cb4c00000)
  region size 1024K, 7 young (7168K), 7 survivors (7168K)
 Metaspace       used 35952K, committed 36096K, reserved 65536K
}

