# JRE version: OpenJDK Runtime Environment Temurin-20.0.2+9 (20.0.2+9) (build 20.0.2+9)
# Java VM: OpenJDK 64-Bit Server VM Temurin-20.0.2+9 (20.0.2+9, mixed mode, tiered, g1 gc, linux-amd64)
GC Precious Log:
 CardTable entry size: 512
 Card Set container configuration: InlinePtr #cards 5 size 8 Array Of Cards #cards 12 size 40 Howl #buckets 4 coarsen threshold 1843 Howl Bitmap #cards 512 size 80 coarsen threshold 460 Card regions per heap region 1 cards per card region 2048
 CPUs: 4 total, 4 available
 Memory: 15838M
 Large Page Support: Disabled
 NUMA Support: Disabled
 Compressed Oops: Disabled
 Heap Region Size: 1M
 Heap Min Capacity: 400M
 Heap Initial Capacity: 400M
 Heap Max Capacity: 2G
 Pre-touch: Disabled
 Parallel Workers: 4
 Concurrent Workers: 1
 Concurrent Refinement Workers: 4
 Periodic GC: Disabled
Heap:
 garbage-first heap   total 409600K, used 248579K [0x000075cdacc00000, 0x000075ce2cc00000)
  region size 1024K, 233 young (238592K), 8 survivors (8192K)
 Metaspace       used 39702K, committed 39872K, reserved 65536K
GC Heap History (20 events):
Event: 458.269 GC heap before
{Heap before GC invocations=8 (full 0):
 garbage-first heap   total 409600K, used 256761K [0x000075cdacc00000, 0x000075ce2cc00000)
  region size 1024K, 240 young (245760K), 4 survivors (4096K)
 Metaspace       used 38391K, committed 38592K, reserved 65536K
}
Event: 458.274 GC heap after
{Heap after GC invocations=9 (full 0):
 garbage-first heap   total 409600K, used 15599K [0x000075cdacc00000, 0x000075ce2cc00000)
  region size 1024K, 5 young (5120K), 5 survivors (5120K)
 Metaspace       used 38391K, committed 38592K, reserved 65536K
}
Event: 612.381 GC heap before
{Heap before GC invocations=9 (full 0):
 garbage-first heap   total 409600K, used 256239K [0x000075cdacc00000, 0x000075ce2cc00000)
  region size 1024K, 240 young (245760K), 5 survivors (5120K)
 Metaspace       used 38394K, committed 38592K, reserved 65536K
}
Event: 612.391 GC heap after
{Heap after GC invocations=10 (full 0):
 garbage-first heap   total 409600K, used 15780K [0x000075cdacc00000, 0x000075ce2cc00000)
  region size 1024K, 5 young (5120K), 5 survivors (5120K)
 Metaspace       used 38394K, committed 38592K, reserved 65536K
}
Event: 766.810 GC heap before
{Heap before GC invocations=10 (full 0):
 garbage-first heap   total 409600K, used 256420K [0x000075cdacc00000, 0x000075ce2cc00000)
  region size 1024K, 240 young (245760K), 5 survivors (5120K)
 Metaspace       used 38403K, committed 38592K, reserved 65536K
}
Event: 766.817 GC heap after
{Heap after GC invocations=11 (full 0):
 garbage-first heap   total 409600K, used 15866K [0x000075cdacc00000, 0x000075ce2cc00000)
  region size 1024K, 5 young (5120K), 5 survivors (5120K)
 Metaspace       used 38403K, committed 38592K, reserved 65536K
}
Event: 916.952 GC heap before
{Heap before GC invocations=11 (full 0):
 garbage-first heap   total 409600K, used 256506K [0x000075cdacc00000, 0x000075ce2cc00000)
  region size 1024K, 240 young (245760K), 5 survivors (5120K)
 Metaspace       used 38403K, committed 38592K, reserved 65536K
}
Event: 916.960 GC heap after
{Heap after GC invocations=12 (full 0):
 garbage-first heap   total 409600K, used 16333K [0x000075cdacc00000, 0x000075ce2cc00000)
  region size 1024K, 6 young (6144K), 6 survivors (6144K)
 Metaspace       used 38403K, committed 38592K, reserved 65536K
}
Event: 1065.614 GC heap before
{Heap before GC invocations=12 (full 0):
 garbage-first heap   total 409600K, used 255949K [0x000075cdacc00000, 0x000075ce2cc00000)
  region size 1024K, 240 young (245760K), 6 survivors (6144K)
 Metaspace       used 38403K, committed 38592K, reserved 65536K
}
Event: 1065.619 GC heap after
{Heap after GC invocations=13 (full 0):
 garbage-first heap   total 409600K, used 16328K [0x000075cdacc00000, 0x000075ce2cc00000)
  region size 1024K, 6 young (6144K), 6 survivors (6144K)
 Metaspace       used 38403K, committed 38592K, reserved 65536K
}
Event: 1216.437 GC heap before
{Heap before GC invocations=13 (full 0):
 garbage-first heap   total 409600K, used 255944K [0x000075cdacc00000, 0x000075ce2cc00000)
  region size 1024K, 240 young (245760K), 6 survivors (6144K)
 Metaspace       used 38403K, committed 38592K, reserved 65536K
}
Event: 1216.443 GC heap after
{Heap after GC invocations=14 (full 0):
 garbage-first heap   total 409600K, used 16545K [0x000075cdacc00000, 0x000075ce2cc00000)
  region size 1024K, 6 young (6144K), 6 survivors (6144K)
 Metaspace       used 38403K, committed 38592K, reserved 65536K
}
Event: 1362.526 GC heap before
{Heap before GC invocations=14 (full 0):
 garbage-first heap   total 409600K, used 256161K [0x000075cdacc00000, 0x000075ce2cc00000)
  region size 1024K, 240 young (245760K), 6 survivors (6144K)
 Metaspace       used 38404K, committed 38592K, reserved 65536K
}
Event: 1362.538 GC heap after
{Heap after GC invocations=15 (full 0):
 garbage-first heap   total 409600K, used 16909K [0x000075cdacc00000, 0x000075ce2cc00000)
  region size 1024K, 6 young (6144K), 6 survivors (6144K)
 Metaspace       used 38404K, committed 38592K, reserved 65536K
}
Event: 1505.504 GC heap before
{Heap before GC invocations=15 (full 0):
 garbage-first heap   total 409600K, used 256525K [0x000075cdacc00000, 0x000075ce2cc00000)
  region size 1024K, 240 young (245760K), 6 survivors (6144K)
 Metaspace       used 38563K, committed 38720K, reserved 65536K
}
Event: 1505.518 GC heap after
{Heap after GC invocations=16 (full 0):
 garbage-first heap   total 409600K, used 17385K [0x000075cdacc00000, 0x000075ce2cc00000)
  region size 1024K, 7 young (7168K), 7 survivors (7168K)
 Metaspace       used 38563K, committed 38720K, reserved 65536K
}
Event: 1628.058 GC heap before
{Heap before GC invocations=16 (full 0):
 garbage-first heap   total 409600K, used 255977K [0x000075cdacc00000, 0x000075ce2cc00000)
  region size 1024K, 240 young (245760K), 7 survivors (7168K)
 Metaspace       used 38982K, committed 39168K, reserved 65536K
}
Event: 1628.064 GC heap after
{Heap after GC invocations=17 (full 0):
 garbage-first heap   total 409600K, used 18539K [0x000075cdacc00000, 0x000075ce2cc00000)
  region size 1024K, 8 young (8192K), 8 survivors (8192K)
 Metaspace       used 38982K, committed 39168K, reserved 65536K
}
Event: 1754.884 GC heap before
{Heap before GC invocations=17 (full 0):
 garbage-first heap   total 409600K, used 256107K [0x000075cdacc00000, 0x000075ce2cc00000)
  region size 1024K, 240 young (245760K), 8 survivors (8192K)
 Metaspace       used 39132K, committed 39360K, reserved 65536K
}
Event: 1754.897 GC heap after
{Heap after GC invocations=18 (full 0):
 garbage-first heap   total 409600K, used 19203K [0x000075cdacc00000, 0x000075ce2cc00000)
  region size 1024K, 8 young (8192K), 8 survivors (8192K)
 Metaspace       used 39132K, committed 39360K, reserved 65536K
}

